<?xml version="1.0" encoding="UTF-8"?>
<testng-results ignored="0" total="1" passed="1" failed="0" skipped="0">
  <reporter-output>
  </reporter-output>
  <suite started-at="2025-03-08T16:13:02 IST" name="Default suite" finished-at="2025-03-08T16:13:05 IST" duration-ms="3288">
    <groups>
    </groups>
    <test started-at="2025-03-08T16:13:02 IST" name="Default test" finished-at="2025-03-08T16:13:05 IST" duration-ms="3288">
      <class name="com.api.tests.GetProfileTest">
        <test-method signature="getProfile()[pri:0, instance:com.api.tests.GetProfileTest@13fd2ccd]" started-at="2025-03-08T16:13:02 IST" name="getProfile" description="retreiving user profile" finished-at="2025-03-08T16:13:05 IST" duration-ms="3217" status="PASS">
          <reporter-output>
          </reporter-output>
        </test-method> <!-- getProfile -->
      </class> <!-- com.api.tests.GetProfileTest -->
    </test> <!-- Default test -->
  </suite> <!-- Default suite -->
</testng-results>
